app/build/intermediates/manifest_merge_blame_file/release/manifest-merger-blame-release-report.txt
1<?xml version="1.0" encoding="utf-8"?>
2<manifest xmlns:android="http://schemas.android.com/apk/res/android"
3    package="io.ionic.starter"
4    android:versionCode="1"
5    android:versionName="1.0" >
6
7    <uses-sdk
8        android:minSdkVersion="21"
9        android:targetSdkVersion="33" />
10
11    <!-- Permissions -->
12    <!-- Request legacy Bluetooth permissions on older devices. -->
13
14
15    <!-- Needed only if your app uses Bluetooth scan results to derive physical location. -->
16    <uses-permission android:name="android.permission.ACCESS_FINE_LOCATION" />
16-->src\main\AndroidManifest.xml:50:5-79
16-->src\main\AndroidManifest.xml:50:22-76
17    <uses-permission android:name="android.permission.INTERNET" />
17-->src\main\AndroidManifest.xml:51:5-67
17-->src\main\AndroidManifest.xml:51:22-64
18    <!-- Camera, Photos, input file -->
19    <uses-permission
19-->src\main\AndroidManifest.xml:53:5-54:38
20        android:name="android.permission.READ_EXTERNAL_STORAGE"
20-->src\main\AndroidManifest.xml:53:22-77
21        android:maxSdkVersion="32" />
21-->src\main\AndroidManifest.xml:54:9-35
22    <uses-permission
22-->src\main\AndroidManifest.xml:55:5-57:38
23        android:name="android.permission.WRITE_EXTERNAL_STORAGE"
23-->src\main\AndroidManifest.xml:56:9-65
24        android:maxSdkVersion="32" />
24-->src\main\AndroidManifest.xml:57:9-35
25    <!-- Geolocation API -->
26    <uses-permission android:name="android.permission.ACCESS_COARSE_LOCATION" />
26-->src\main\AndroidManifest.xml:59:5-81
26-->src\main\AndroidManifest.xml:59:22-78
27    <uses-permission android:name="android.permission.ACCESS_FINE_LOCATION" />
27-->src\main\AndroidManifest.xml:50:5-79
27-->src\main\AndroidManifest.xml:50:22-76
28
29    <uses-feature android:name="android.hardware.location.gps" />
29-->src\main\AndroidManifest.xml:61:5-66
29-->src\main\AndroidManifest.xml:61:19-63
30    <uses-feature
30-->src\main\AndroidManifest.xml:62:5-64:36
31        android:name="android.hardware.camera"
31-->src\main\AndroidManifest.xml:63:9-47
32        android:required="true" />
32-->src\main\AndroidManifest.xml:64:9-33
33    <!-- Network API -->
34    <uses-permission android:name="android.permission.ACCESS_NETWORK_STATE" />
34-->src\main\AndroidManifest.xml:66:5-79
34-->src\main\AndroidManifest.xml:66:22-76
35    <!-- Navigator.getUserMedia -->
36    <!-- Video -->
37    <uses-permission android:name="android.permission.CAMERA" />
37-->src\main\AndroidManifest.xml:69:5-65
37-->src\main\AndroidManifest.xml:69:22-62
38    <!-- Audio -->
39    <uses-permission android:name="android.permission.RECORD_AUDIO" />
39-->src\main\AndroidManifest.xml:71:5-71
39-->src\main\AndroidManifest.xml:71:22-68
40    <uses-permission android:name="android.permission.MODIFY_AUDIO_SETTINGS" />
40-->src\main\AndroidManifest.xml:72:5-79
40-->src\main\AndroidManifest.xml:72:22-77
41    <uses-permission android:name="android.permission.VIBRATE" />
41-->[:capacitor-haptics] AndroidManifest.xml:7:5-66
41-->[:capacitor-haptics] AndroidManifest.xml:7:22-63
42    <uses-permission android:name="android.permission.BLUETOOTH" />
42-->[:capacitor-cordova-android-plugins] AndroidManifest.xml:8:5-68
42-->[:capacitor-cordova-android-plugins] AndroidManifest.xml:8:22-65
43    <uses-permission android:name="android.permission.BLUETOOTH_ADMIN" />
43-->[:capacitor-cordova-android-plugins] AndroidManifest.xml:9:5-74
43-->[:capacitor-cordova-android-plugins] AndroidManifest.xml:9:22-71
44    <uses-permission android:name="android.permission.FLASHLIGHT" />
44-->[:capacitor-cordova-android-plugins] AndroidManifest.xml:12:5-69
44-->[:capacitor-cordova-android-plugins] AndroidManifest.xml:12:22-66
45
46    <application
46-->src\main\AndroidManifest.xml:5:5-44:19
47        android:allowBackup="true"
47-->src\main\AndroidManifest.xml:6:9-35
48        android:appComponentFactory="androidx.core.app.CoreComponentFactory"
48-->[androidx.core:core:1.8.0] AndroidManifest.xml:24:18-86
49        android:extractNativeLibs="true"
50        android:icon="@mipmap/ic_launcher"
50-->src\main\AndroidManifest.xml:7:9-43
51        android:label="@string/app_name"
51-->src\main\AndroidManifest.xml:8:9-41
52        android:roundIcon="@mipmap/ic_launcher_round"
52-->src\main\AndroidManifest.xml:9:9-54
53        android:supportsRtl="true"
53-->src\main\AndroidManifest.xml:10:9-35
54        android:theme="@style/AppTheme"
54-->src\main\AndroidManifest.xml:11:9-40
55        android:usesCleartextTraffic="true" >
55-->[:capacitor-cordova-android-plugins] AndroidManifest.xml:18:18-53
56        <activity
56-->src\main\AndroidManifest.xml:13:9-33:20
57            android:name="io.ionic.starter.MainActivity"
57-->src\main\AndroidManifest.xml:15:13-57
58            android:configChanges="orientation|keyboardHidden|keyboard|screenSize|locale|smallestScreenSize|screenLayout|uiMode"
58-->src\main\AndroidManifest.xml:14:13-129
59            android:exported="true"
59-->src\main\AndroidManifest.xml:19:13-36
60            android:label="@string/title_activity_main"
60-->src\main\AndroidManifest.xml:16:13-56
61            android:launchMode="singleTask"
61-->src\main\AndroidManifest.xml:18:13-44
62            android:theme="@style/AppTheme.NoActionBarLaunch" >
62-->src\main\AndroidManifest.xml:17:13-62
63            <intent-filter>
63-->src\main\AndroidManifest.xml:21:13-24:29
64                <action android:name="android.intent.action.MAIN" />
64-->src\main\AndroidManifest.xml:22:17-69
64-->src\main\AndroidManifest.xml:22:25-66
65
66                <category android:name="android.intent.category.LAUNCHER" />
66-->src\main\AndroidManifest.xml:23:17-77
66-->src\main\AndroidManifest.xml:23:27-74
67            </intent-filter>
68            <intent-filter>
68-->src\main\AndroidManifest.xml:26:13-31:29
69                <action android:name="android.intent.action.VIEW" />
69-->src\main\AndroidManifest.xml:27:17-69
69-->src\main\AndroidManifest.xml:27:25-66
70
71                <category android:name="android.intent.category.DEFAULT" />
71-->src\main\AndroidManifest.xml:28:17-76
71-->src\main\AndroidManifest.xml:28:27-73
72                <category android:name="android.intent.category.BROWSABLE" />
72-->src\main\AndroidManifest.xml:29:17-78
72-->src\main\AndroidManifest.xml:29:27-75
73
74                <data android:scheme="@string/custom_url_scheme" />
74-->src\main\AndroidManifest.xml:30:17-68
74-->src\main\AndroidManifest.xml:30:23-65
75            </intent-filter>
76        </activity>
77
78        <provider
79            android:name="androidx.core.content.FileProvider"
79-->src\main\AndroidManifest.xml:36:13-62
80            android:authorities="io.ionic.starter.fileprovider"
80-->src\main\AndroidManifest.xml:37:13-64
81            android:exported="false"
81-->src\main\AndroidManifest.xml:38:13-37
82            android:grantUriPermissions="true" >
82-->src\main\AndroidManifest.xml:39:13-47
83            <meta-data
83-->src\main\AndroidManifest.xml:40:13-42:54
84                android:name="android.support.FILE_PROVIDER_PATHS"
84-->src\main\AndroidManifest.xml:41:17-67
85                android:resource="@xml/file_paths" />
85-->src\main\AndroidManifest.xml:42:17-51
86        </provider>
87
88        <activity
88-->[:capacitor-cordova-android-plugins] AndroidManifest.xml:19:9-25:63
89            android:name="com.google.zxing.client.android.CaptureActivity"
89-->[:capacitor-cordova-android-plugins] AndroidManifest.xml:20:13-75
90            android:clearTaskOnLaunch="true"
90-->[:capacitor-cordova-android-plugins] AndroidManifest.xml:21:13-45
91            android:configChanges="orientation|keyboardHidden|screenSize"
91-->[:capacitor-cordova-android-plugins] AndroidManifest.xml:22:13-74
92            android:exported="false"
92-->[:capacitor-cordova-android-plugins] AndroidManifest.xml:23:13-37
93            android:theme="@android:style/Theme.NoTitleBar.Fullscreen"
93-->[:capacitor-cordova-android-plugins] AndroidManifest.xml:24:13-71
94            android:windowSoftInputMode="stateAlwaysHidden" />
94-->[:capacitor-cordova-android-plugins] AndroidManifest.xml:25:13-60
95        <activity
95-->[:capacitor-cordova-android-plugins] AndroidManifest.xml:26:9-28:37
96            android:name="com.google.zxing.client.android.encode.EncodeActivity"
96-->[:capacitor-cordova-android-plugins] AndroidManifest.xml:27:13-81
97            android:label="Share" />
97-->[:capacitor-cordova-android-plugins] AndroidManifest.xml:28:13-34
98
99        <provider
99-->[androidx.profileinstaller:profileinstaller:1.3.0] AndroidManifest.xml:24:9-32:20
100            android:name="androidx.startup.InitializationProvider"
100-->[androidx.profileinstaller:profileinstaller:1.3.0] AndroidManifest.xml:25:13-67
101            android:authorities="io.ionic.starter.androidx-startup"
101-->[androidx.profileinstaller:profileinstaller:1.3.0] AndroidManifest.xml:26:13-68
102            android:exported="false" >
102-->[androidx.profileinstaller:profileinstaller:1.3.0] AndroidManifest.xml:27:13-37
103            <meta-data
103-->[androidx.profileinstaller:profileinstaller:1.3.0] AndroidManifest.xml:29:13-31:52
104                android:name="androidx.profileinstaller.ProfileInstallerInitializer"
104-->[androidx.profileinstaller:profileinstaller:1.3.0] AndroidManifest.xml:30:17-85
105                android:value="androidx.startup" />
105-->[androidx.profileinstaller:profileinstaller:1.3.0] AndroidManifest.xml:31:17-49
106        </provider>
107
108        <receiver
108-->[androidx.profileinstaller:profileinstaller:1.3.0] AndroidManifest.xml:34:9-52:20
109            android:name="androidx.profileinstaller.ProfileInstallReceiver"
109-->[androidx.profileinstaller:profileinstaller:1.3.0] AndroidManifest.xml:35:13-76
110            android:directBootAware="false"
110-->[androidx.profileinstaller:profileinstaller:1.3.0] AndroidManifest.xml:36:13-44
111            android:enabled="true"
111-->[androidx.profileinstaller:profileinstaller:1.3.0] AndroidManifest.xml:37:13-35
112            android:exported="true"
112-->[androidx.profileinstaller:profileinstaller:1.3.0] AndroidManifest.xml:38:13-36
113            android:permission="android.permission.DUMP" >
113-->[androidx.profileinstaller:profileinstaller:1.3.0] AndroidManifest.xml:39:13-57
114            <intent-filter>
114-->[androidx.profileinstaller:profileinstaller:1.3.0] AndroidManifest.xml:40:13-42:29
115                <action android:name="androidx.profileinstaller.action.INSTALL_PROFILE" />
115-->[androidx.profileinstaller:profileinstaller:1.3.0] AndroidManifest.xml:41:17-91
115-->[androidx.profileinstaller:profileinstaller:1.3.0] AndroidManifest.xml:41:25-88
116            </intent-filter>
117            <intent-filter>
117-->[androidx.profileinstaller:profileinstaller:1.3.0] AndroidManifest.xml:43:13-45:29
118                <action android:name="androidx.profileinstaller.action.SKIP_FILE" />
118-->[androidx.profileinstaller:profileinstaller:1.3.0] AndroidManifest.xml:44:17-85
118-->[androidx.profileinstaller:profileinstaller:1.3.0] AndroidManifest.xml:44:25-82
119            </intent-filter>
120            <intent-filter>
120-->[androidx.profileinstaller:profileinstaller:1.3.0] AndroidManifest.xml:46:13-48:29
121                <action android:name="androidx.profileinstaller.action.SAVE_PROFILE" />
121-->[androidx.profileinstaller:profileinstaller:1.3.0] AndroidManifest.xml:47:17-88
121-->[androidx.profileinstaller:profileinstaller:1.3.0] AndroidManifest.xml:47:25-85
122            </intent-filter>
123            <intent-filter>
123-->[androidx.profileinstaller:profileinstaller:1.3.0] AndroidManifest.xml:49:13-51:29
124                <action android:name="androidx.profileinstaller.action.BENCHMARK_OPERATION" />
124-->[androidx.profileinstaller:profileinstaller:1.3.0] AndroidManifest.xml:50:17-95
124-->[androidx.profileinstaller:profileinstaller:1.3.0] AndroidManifest.xml:50:25-92
125            </intent-filter>
126        </receiver>
127    </application>
128
129</manifest>